<?xml version="1.0" encoding="UTF-8"?>
<testng-results ignored="0" total="6" passed="6" failed="0" skipped="0">
  <reporter-output>
  </reporter-output>
  <suite started-at="2023-01-04T13:58:37 CET" name="Default suite" finished-at="2023-01-04T13:58:40 CET" duration-ms="2725">
    <groups>
      <group name="cucumber">
        <method signature="AbstractTestNGCucumberTests.runScenario(io.cucumber.testng.PickleWrapper,io.cucumber.testng.FeatureWrapper)[pri:0, instance:runner.SuitRunner@1b11171f]" name="runScenario" class="io.cucumber.testng.AbstractTestNGCucumberTests"/>
      </group> <!-- cucumber -->
    </groups>
    <test started-at="2023-01-04T13:58:37 CET" name="Default test" finished-at="2023-01-04T13:58:40 CET" duration-ms="2725">
      <class name="runner.SuitRunner">
        <test-method is-config="true" signature="setUpClass(org.testng.ITestContext)[pri:0, instance:runner.SuitRunner@1b11171f]" started-at="2023-01-04T13:58:37 CET" name="setUpClass" finished-at="2023-01-04T13:58:37 CET" duration-ms="201" status="PASS">
          <params>
            <param index="0">
              <value>
                <![CDATA[org.testng.TestRunner@37b01ce2]]>
              </value>
            </param>
          </params>
          <reporter-output>
          </reporter-output>
        </test-method> <!-- setUpClass -->
        <test-method signature="runScenario(io.cucumber.testng.PickleWrapper,io.cucumber.testng.FeatureWrapper)[pri:0, instance:runner.SuitRunner@1b11171f]" started-at="2023-01-04T13:58:37 CET" name="runScenario" description="Runs Cucumber Scenarios" data-provider="scenarios" finished-at="2023-01-04T13:58:39 CET" duration-ms="1904" status="PASS">
          <params>
            <param index="0">
              <value>
                <![CDATA["I want to get the whole category records"]]>
              </value>
            </param>
            <param index="1">
              <value>
                <![CDATA["Category feature"]]>
              </value>
            </param>
          </params>
          <reporter-output>
          </reporter-output>
        </test-method> <!-- runScenario -->
        <test-method signature="runScenario(io.cucumber.testng.PickleWrapper,io.cucumber.testng.FeatureWrapper)[pri:0, instance:runner.SuitRunner@1b11171f]" started-at="2023-01-04T13:58:39 CET" name="runScenario" description="Runs Cucumber Scenarios" data-provider="scenarios" finished-at="2023-01-04T13:58:39 CET" duration-ms="28" status="PASS">
          <params>
            <param index="0">
              <value>
                <![CDATA["I want to get the whole product records"]]>
              </value>
            </param>
            <param index="1">
              <value>
                <![CDATA["product feature"]]>
              </value>
            </param>
          </params>
          <reporter-output>
          </reporter-output>
        </test-method> <!-- runScenario -->
        <test-method signature="runScenario(io.cucumber.testng.PickleWrapper,io.cucumber.testng.FeatureWrapper)[pri:0, instance:runner.SuitRunner@1b11171f]" started-at="2023-01-04T13:58:39 CET" name="runScenario" description="Runs Cucumber Scenarios" data-provider="scenarios" finished-at="2023-01-04T13:58:39 CET" duration-ms="54" status="PASS">
          <params>
            <param index="0">
              <value>
                <![CDATA["I want to get the prodcut called <Bamboo Thermal Ski Coat>"]]>
              </value>
            </param>
            <param index="1">
              <value>
                <![CDATA["product feature"]]>
              </value>
            </param>
          </params>
          <reporter-output>
          </reporter-output>
        </test-method> <!-- runScenario -->
        <test-method signature="runScenario(io.cucumber.testng.PickleWrapper,io.cucumber.testng.FeatureWrapper)[pri:0, instance:runner.SuitRunner@1b11171f]" started-at="2023-01-04T13:58:39 CET" name="runScenario" description="Runs Cucumber Scenarios" data-provider="scenarios" finished-at="2023-01-04T13:58:40 CET" duration-ms="395" status="PASS">
          <params>
            <param index="0">
              <value>
                <![CDATA["I want to create a new prodcut called <Water Bottle>"]]>
              </value>
            </param>
            <param index="1">
              <value>
                <![CDATA["product feature"]]>
              </value>
            </param>
          </params>
          <reporter-output>
          </reporter-output>
        </test-method> <!-- runScenario -->
        <test-method signature="runScenario(io.cucumber.testng.PickleWrapper,io.cucumber.testng.FeatureWrapper)[pri:0, instance:runner.SuitRunner@1b11171f]" started-at="2023-01-04T13:58:40 CET" name="runScenario" description="Runs Cucumber Scenarios" data-provider="scenarios" finished-at="2023-01-04T13:58:40 CET" duration-ms="42" status="PASS">
          <params>
            <param index="0">
              <value>
                <![CDATA["I want to update the prodcut id equals <18>"]]>
              </value>
            </param>
            <param index="1">
              <value>
                <![CDATA["product feature"]]>
              </value>
            </param>
          </params>
          <reporter-output>
          </reporter-output>
        </test-method> <!-- runScenario -->
        <test-method signature="runScenario(io.cucumber.testng.PickleWrapper,io.cucumber.testng.FeatureWrapper)[pri:0, instance:runner.SuitRunner@1b11171f]" started-at="2023-01-04T13:58:40 CET" name="runScenario" description="Runs Cucumber Scenarios" data-provider="scenarios" finished-at="2023-01-04T13:58:40 CET" duration-ms="42" status="PASS">
          <params>
            <param index="0">
              <value>
                <![CDATA["I want to delete the prodcut id equals <18>"]]>
              </value>
            </param>
            <param index="1">
              <value>
                <![CDATA["product feature"]]>
              </value>
            </param>
          </params>
          <reporter-output>
          </reporter-output>
        </test-method> <!-- runScenario -->
        <test-method is-config="true" signature="tearDownClass()[pri:0, instance:runner.SuitRunner@1b11171f]" started-at="2023-01-04T13:58:40 CET" name="tearDownClass" finished-at="2023-01-04T13:58:40 CET" duration-ms="10" status="PASS">
          <reporter-output>
          </reporter-output>
        </test-method> <!-- tearDownClass -->
      </class> <!-- runner.SuitRunner -->
    </test> <!-- Default test -->
  </suite> <!-- Default suite -->
</testng-results>
